<?xml version="1.0" encoding="UTF-8"?>
<testsuite xmlns:xsi="http://www.w3.org/2001/XMLSchema-instance" xsi:noNamespaceSchemaLocation="https://maven.apache.org/surefire/maven-surefire-plugin/xsd/surefire-test-report.xsd" name="com.rpsoft.junit.app.suite.CustomTestSuite" time="0.317" tests="6" errors="0" skipped="0" failures="0">
  <properties>
    <property name="java.specification.version" value="13"/>
    <property name="sun.cpu.isalist" value="amd64"/>
    <property name="sun.jnu.encoding" value="Cp1252"/>
    <property name="java.class.path" value="D:\WorkSpaces\workspace2.0\Test-Driven-Development\jUnit-mockito-udemy-in28minutes\05-organize-junit-with-suites\target\test-classes;D:\WorkSpaces\workspace2.0\Test-Driven-Development\jUnit-mockito-udemy-in28minutes\05-organize-junit-with-suites\target\classes;C:\r2dev\systemD\Softwares\M2Repository\junit\junit\4.12\junit-4.12.jar;C:\r2dev\systemD\Softwares\M2Repository\org\hamcrest\hamcrest-core\1.3\hamcrest-core-1.3.jar;"/>
    <property name="java.vm.vendor" value="Oracle Corporation"/>
    <property name="sun.arch.data.model" value="64"/>
    <property name="user.variant" value=""/>
    <property name="java.vendor.url" value="https://java.oracle.com/"/>
    <property name="user.timezone" value="Asia/Calcutta"/>
    <property name="os.name" value="Windows 10"/>
    <property name="java.vm.specification.version" value="13"/>
    <property name="sun.java.launcher" value="SUN_STANDARD"/>
    <property name="user.country" value="US"/>
    <property name="sun.boot.library.path" value="D:\WorkSpaces\DevTools\Java\jdk-13\bin"/>
    <property name="sun.java.command" value="C:\Users\vivek\AppData\Local\Temp\surefire3693094473013606018\surefirebooter2295468673772357451.jar C:\Users\vivek\AppData\Local\Temp\surefire3693094473013606018 2019-12-28T22-49-51_551-jvmRun1 surefire2461984139288580180tmp surefire_013280185545074446343tmp"/>
    <property name="jdk.debug" value="release"/>
    <property name="surefire.test.class.path" value="D:\WorkSpaces\workspace2.0\Test-Driven-Development\jUnit-mockito-udemy-in28minutes\05-organize-junit-with-suites\target\test-classes;D:\WorkSpaces\workspace2.0\Test-Driven-Development\jUnit-mockito-udemy-in28minutes\05-organize-junit-with-suites\target\classes;C:\r2dev\systemD\Softwares\M2Repository\junit\junit\4.12\junit-4.12.jar;C:\r2dev\systemD\Softwares\M2Repository\org\hamcrest\hamcrest-core\1.3\hamcrest-core-1.3.jar;"/>
    <property name="sun.cpu.endian" value="little"/>
    <property name="user.home" value="C:\Users\vivek"/>
    <property name="user.language" value="en"/>
    <property name="java.specification.vendor" value="Oracle Corporation"/>
    <property name="java.version.date" value="2019-09-17"/>
    <property name="java.home" value="D:\WorkSpaces\DevTools\Java\jdk-13"/>
    <property name="file.separator" value="\"/>
    <property name="basedir" value="D:\WorkSpaces\workspace2.0\Test-Driven-Development\jUnit-mockito-udemy-in28minutes\05-organize-junit-with-suites"/>
    <property name="java.vm.compressedOopsMode" value="32-bit"/>
    <property name="line.separator" value="&#10;"/>
    <property name="java.vm.specification.vendor" value="Oracle Corporation"/>
    <property name="java.specification.name" value="Java Platform API Specification"/>
    <property name="surefire.real.class.path" value="C:\Users\vivek\AppData\Local\Temp\surefire3693094473013606018\surefirebooter2295468673772357451.jar"/>
    <property name="user.script" value=""/>
    <property name="sun.management.compiler" value="HotSpot 64-Bit Tiered Compilers"/>
    <property name="java.runtime.version" value="13+33"/>
    <property name="user.name" value="vivek"/>
    <property name="path.separator" value=";"/>
    <property name="os.version" value="10.0"/>
    <property name="java.runtime.name" value="Java(TM) SE Runtime Environment"/>
    <property name="file.encoding" value="Cp1252"/>
    <property name="java.vm.name" value="Java HotSpot(TM) 64-Bit Server VM"/>
    <property name="localRepository" value="C:\r2dev\systemD\Softwares\M2Repository"/>
    <property name="java.vendor.url.bug" value="https://bugreport.java.com/bugreport/"/>
    <property name="java.io.tmpdir" value="C:\Users\vivek\AppData\Local\Temp\"/>
    <property name="java.version" value="13"/>
    <property name="user.dir" value="D:\WorkSpaces\workspace2.0\Test-Driven-Development\jUnit-mockito-udemy-in28minutes\05-organize-junit-with-suites"/>
    <property name="os.arch" value="amd64"/>
    <property name="java.vm.specification.name" value="Java Virtual Machine Specification"/>
    <property name="sun.os.patch.level" value=""/>
    <property name="java.library.path" value="D:\WorkSpaces\DevTools\Java\jdk-13\bin;C:\WINDOWS\Sun\Java\bin;C:\WINDOWS\system32;C:\WINDOWS;D:\WorkSpaces\DevTools\apache-maven-3.5.0\bin;D:\WorkSpaces\IDEs\ideaIC-2019.2.4.win\bin;D:\WorkSpaces\DevTools\node8;D:\WorkSpaces\DevTools\Java\jdk-13\bin;C:\Program Files (x86)\Python\Python37-32;C:\Program Files (x86)\Python\Python37-32\Scripts;D:\Documents\Control\Batch;D:\Documents\Control\Developement;D:\Documents\Control\Documents;D:\Documents\Control\LinuxCommands;D:\Documents\Control\MyApps;D:\Documents\Control\Programs;;C:\WINDOWS\system32;C:\WINDOWS;C:\WINDOWS\System32\Wbem;C:\WINDOWS\System32\WindowsPowerShell\v1.0\;C:\WINDOWS\System32\OpenSSH\;C:\Program Files\Microsoft VS Code\bin;C:\Users\vivek\AppData\Local\Microsoft\WindowsApps;;."/>
    <property name="java.vm.info" value="mixed mode, sharing"/>
    <property name="java.vendor" value="Oracle Corporation"/>
    <property name="java.vm.version" value="13+33"/>
    <property name="sun.io.unicode.encoding" value="UnicodeLittle"/>
    <property name="java.class.version" value="57.0"/>
  </properties>
  <testcase name="testSortArray_1000k200msPerformanceTest" classname="com.rpsoft.junit.app.ArrayUtilsTest" time="0.167"/>
  <testcase name="testSortArray_NegativeTest" classname="com.rpsoft.junit.app.ArrayUtilsTest" time="0.002"/>
  <testcase name="testSortArray_NullPointerException" classname="com.rpsoft.junit.app.ArrayUtilsTest" time="0.001"/>
  <testcase name="testSortArray_AscendingSort" classname="com.rpsoft.junit.app.ArrayUtilsTest" time="0"/>
  <testcase name="test1" classname="com.rpsoft.junit.app.StringUtilsTest" time="0.001"/>
  <testcase name="test2" classname="com.rpsoft.junit.app.StringUtilsTest" time="0.002"/>
</testsuite>