<?xml version="1.0" encoding="UTF-8" ?>
<testsuite tests="2" failures="0" name="com.rpsoft.junit.app.StringUtilsTest" time="0" errors="0" skipped="0">
  <properties>
    <property name="java.runtime.name" value="Java(TM) SE Runtime Environment"/>
    <property name="sun.boot.library.path" value="D:\WorkSpaces\DevTools\Java\jdk1.8.0_102\jre\bin"/>
    <property name="java.vm.version" value="25.102-b14"/>
    <property name="java.vm.vendor" value="Oracle Corporation"/>
    <property name="maven.multiModuleProjectDirectory" value="D:\WorkSpaces\workspace2.0\Test-Driven-Development\jUnit-mockito-udemy-in28minutes\01-junit-hello-world"/>
    <property name="java.vendor.url" value="http://java.oracle.com/"/>
    <property name="path.separator" value=";"/>
    <property name="guice.disable.misplaced.annotation.check" value="true"/>
    <property name="java.vm.name" value="Java HotSpot(TM) 64-Bit Server VM"/>
    <property name="file.encoding.pkg" value="sun.io"/>
    <property name="user.script" value=""/>
    <property name="user.country" value="US"/>
    <property name="sun.java.launcher" value="SUN_STANDARD"/>
    <property name="sun.os.patch.level" value=""/>
    <property name="java.vm.specification.name" value="Java Virtual Machine Specification"/>
    <property name="user.dir" value="D:\WorkSpaces\workspace2.0\Test-Driven-Development\jUnit-mockito-udemy-in28minutes\01-junit-hello-world"/>
    <property name="java.runtime.version" value="1.8.0_102-b14"/>
    <property name="java.awt.graphicsenv" value="sun.awt.Win32GraphicsEnvironment"/>
    <property name="java.endorsed.dirs" value="D:\WorkSpaces\DevTools\Java\jdk1.8.0_102\jre\lib\endorsed"/>
    <property name="os.arch" value="amd64"/>
    <property name="java.io.tmpdir" value="C:\Users\vivek\AppData\Local\Temp\"/>
    <property name="line.separator" value="
"/>
    <property name="java.vm.specification.vendor" value="Oracle Corporation"/>
    <property name="user.variant" value=""/>
    <property name="os.name" value="Windows 10"/>
    <property name="classworlds.conf" value="D:\WorkSpaces\workspace2.0\Test-Driven-Development\jUnit-mockito-udemy-in28minutes\.metadata\.plugins\org.eclipse.m2e.launching\launches\m2conf1814880843530504089.tmp"/>
    <property name="sun.jnu.encoding" value="Cp1252"/>
    <property name="java.library.path" value="D:\WorkSpaces\DevTools\Java\jdk1.8.0_102\bin;C:\WINDOWS\Sun\Java\bin;C:\WINDOWS\system32;C:\WINDOWS;D:\WorkSpaces\DevTools\apache-maven-3.5.0\bin;D:\WorkSpaces\IDEs\ideaIC-2019.2.4.win\bin;D:\WorkSpaces\DevTools\node8;D:\WorkSpaces\DevTools\Java\jdk-13\bin;C:\Program Files (x86)\Python\Python37-32;C:\Program Files (x86)\Python\Python37-32\Scripts;D:\Documents\Control\Batch;D:\Documents\Control\Developement;D:\Documents\Control\Documents;D:\Documents\Control\LinuxCommands;D:\Documents\Control\MyApps;D:\Documents\Control\Programs;;C:\WINDOWS\system32;C:\WINDOWS;C:\WINDOWS\System32\Wbem;C:\WINDOWS\System32\WindowsPowerShell\v1.0\;C:\WINDOWS\System32\OpenSSH\;C:\Program Files\Microsoft VS Code\bin;C:\Users\vivek\AppData\Local\Microsoft\WindowsApps;;."/>
    <property name="java.specification.name" value="Java Platform API Specification"/>
    <property name="java.class.version" value="52.0"/>
    <property name="sun.management.compiler" value="HotSpot 64-Bit Tiered Compilers"/>
    <property name="os.version" value="10.0"/>
    <property name="user.home" value="C:\Users\vivek"/>
    <property name="user.timezone" value="Asia/Calcutta"/>
    <property name="java.awt.printerjob" value="sun.awt.windows.WPrinterJob"/>
    <property name="java.specification.version" value="1.8"/>
    <property name="file.encoding" value="Cp1252"/>
    <property name="user.name" value="vivek"/>
    <property name="java.class.path" value="D:\WorkSpaces\IDEs\sts-4.1.0\plugins\org.eclipse.m2e.maven.runtime_1.13.0.20190716-1623\jars\plexus-classworlds-2.6.0.jar"/>
    <property name="java.vm.specification.version" value="1.8"/>
    <property name="sun.arch.data.model" value="64"/>
    <property name="java.home" value="D:\WorkSpaces\DevTools\Java\jdk1.8.0_102\jre"/>
    <property name="sun.java.command" value="org.codehaus.plexus.classworlds.launcher.Launcher -B install"/>
    <property name="java.specification.vendor" value="Oracle Corporation"/>
    <property name="user.language" value="en"/>
    <property name="awt.toolkit" value="sun.awt.windows.WToolkit"/>
    <property name="java.vm.info" value="mixed mode"/>
    <property name="java.version" value="1.8.0_102"/>
    <property name="java.ext.dirs" value="D:\WorkSpaces\DevTools\Java\jdk1.8.0_102\jre\lib\ext;C:\WINDOWS\Sun\Java\lib\ext"/>
    <property name="sun.boot.class.path" value="D:\WorkSpaces\DevTools\Java\jdk1.8.0_102\jre\lib\resources.jar;D:\WorkSpaces\DevTools\Java\jdk1.8.0_102\jre\lib\rt.jar;D:\WorkSpaces\DevTools\Java\jdk1.8.0_102\jre\lib\sunrsasign.jar;D:\WorkSpaces\DevTools\Java\jdk1.8.0_102\jre\lib\jsse.jar;D:\WorkSpaces\DevTools\Java\jdk1.8.0_102\jre\lib\jce.jar;D:\WorkSpaces\DevTools\Java\jdk1.8.0_102\jre\lib\charsets.jar;D:\WorkSpaces\DevTools\Java\jdk1.8.0_102\jre\lib\jfr.jar;D:\WorkSpaces\DevTools\Java\jdk1.8.0_102\jre\classes"/>
    <property name="java.vendor" value="Oracle Corporation"/>
    <property name="maven.home" value="D:\WorkSpaces\workspace2.0\Test-Driven-Development\jUnit-mockito-udemy-in28minutes\01-junit-hello-world\EMBEDDED"/>
    <property name="file.separator" value="\"/>
    <property name="java.vendor.url.bug" value="http://bugreport.sun.com/bugreport/"/>
    <property name="sun.cpu.endian" value="little"/>
    <property name="sun.io.unicode.encoding" value="UnicodeLittle"/>
    <property name="sun.desktop" value="windows"/>
    <property name="sun.cpu.isalist" value="amd64"/>
  </properties>
  <testcase classname="com.rpsoft.junit.app.StringUtilsTest" name="testTruncateAinFristTwoCharacters_AinFirst2CharsIn2CharString" time="0"/>
  <testcase classname="com.rpsoft.junit.app.StringUtilsTest" name="testTruncateAinFristTwoCharacters_AinFirst2Chars" time="0"/>
</testsuite>